[22:26:16] [ServerMain/INFO]: Environment: Environment[sessionHost=https://sessionserver.mojang.com, servicesHost=https://api.minecraftservices.com, name=PROD]
[22:26:18] [ServerMain/INFO]: Loaded 1290 recipes
[22:26:18] [ServerMain/INFO]: Loaded 1399 advancements
[22:26:18] [Server thread/INFO]: Starting minecraft server version 1.21
[22:26:18] [Server thread/INFO]: Loading properties
[22:26:18] [Server thread/INFO]: Default game type: SURVIVAL
[22:26:18] [Server thread/INFO]: Generating keypair
[22:26:19] [Server thread/INFO]: Starting Minecraft server on *:25565
[22:26:19] [Server thread/INFO]: Using epoll channel type
[22:26:19] [Server thread/WARN]: **** SERVER IS RUNNING IN OFFLINE/INSECURE MODE!
[22:26:19] [Server thread/WARN]: The server will make no attempt to authenticate usernames. Beware.
[22:26:19] [Server thread/WARN]: While this makes the game possible to play without internet access, it also opens up the ability for hackers to connect with any username they choose.
[22:26:19] [Server thread/WARN]: To change this, set "online-mode" to "true" in the server.properties file.
[22:26:19] [Server thread/INFO]: Preparing level "world"
[22:26:23] [Server thread/INFO]: Preparing start region for dimension minecraft:overworld
[22:26:23] [Worker-Main-2/INFO]: Preparing spawn area: 0%
[22:26:23] [Server thread/INFO]: Time elapsed: 461 ms
[22:26:23] [Server thread/INFO]: Done (4.412s)! For help, type "help"
[22:31:43] [Server thread/INFO]: Cesar_Gamer58[/127.135.94.248:53517] logged in with entity id 55 at (270.5, 65.0, -213.5)
[22:31:43] [Server thread/INFO]: Cesar_Gamer58 joined the game
[22:38:44] [Server thread/INFO]: Laurent[/127.145.251.13:50911] logged in with entity id 1803 at (269.5, 66.0, -232.5)
[22:38:44] [Server thread/INFO]: Laurent joined the game
[22:38:52] [Server thread/INFO]: [Not Secure] <Cesar_Gamer58> Q FUE
[22:38:56] [Server thread/INFO]: [Not Secure] <Laurent> yuber gay soy wil
[22:39:26] [Server thread/INFO]: Laurent was shot by Skeleton
[22:39:30] [Server thread/INFO]: [Not Secure] <Cesar_Gamer58> wbon
[22:40:57] [Server thread/INFO]: Cesar_Gamer58 has made the advancement [Monster Hunter]
[22:41:41] [Server thread/INFO]: Cesar_Gamer58 was shot by Skeleton
[22:41:45] [Server thread/INFO]: [Not Secure] <Laurent> xgya
[22:42:08] [Server thread/INFO]: Laurent was slain by Zombie
[22:42:09] [Server thread/INFO]: Cesar_Gamer58 was slain by Zombie
[22:43:16] [Server thread/INFO]: Cesar_Gamer58 was slain by Zombie
[22:43:22] [Server thread/INFO]: [Not Secure] <Laurent> x gay}+
[22:44:00] [Server thread/INFO]: Cesar_Gamer58 has made the advancement [Stone Age]
[22:44:07] [Server thread/INFO]: Laurent was shot by Skeleton
[22:44:21] [Server thread/INFO]: [Not Secure] <Laurent> q pase el dia mejor
[22:44:26] [Server thread/INFO]: Laurent was shot by Skeleton
[22:45:36] [Server thread/INFO]: Cesar_Gamer58 has made the advancement [Getting an Upgrade]
[22:46:29] [Server thread/INFO]: [Not Secure] <Laurent> matame
[22:47:23] [Server thread/INFO]: [Not Secure] <Laurent> ctm ayudame
[22:48:02] [Server thread/INFO]: [Not Secure] <Laurent> yupiu
[22:48:18] [Server thread/INFO]: [Not Secure] <Laurent> tmre q feo bioma causa
[22:48:26] [Server thread/INFO]: Laurent drowned
[22:49:16] [Server thread/INFO]: [Not Secure] <Cesar_Gamer58> dontas oe
[22:49:23] [Server thread/INFO]: [Not Secure] <Laurent> cortando madera
[22:51:11] [Server thread/INFO]: Laurent has made the advancement [Stone Age]
[22:54:00] [Server thread/INFO]: Cesar_Gamer58 lost connection: Disconnected
[22:54:00] [Server thread/INFO]: Cesar_Gamer58 left the game
[22:54:46] [Server thread/INFO]: Laurent lost connection: Disconnected
[22:54:46] [Server thread/INFO]: Laurent left the game
[22:57:12] [Server thread/INFO]: Unknown or incomplete command, see below for error
[22:57:12] [Server thread/INFO]: opstop<--[HERE]
[22:57:16] [Server thread/INFO]: Stopping the server
[22:57:16] [Server thread/INFO]: Stopping server
[22:57:16] [Server thread/INFO]: Saving players
[22:57:16] [Server thread/INFO]: Saving worlds
[22:57:16] [Server thread/INFO]: Saving chunks for level 'ServerLevel[world]'/minecraft:overworld
[22:57:16] [Server thread/INFO]: Saving chunks for level 'ServerLevel[world]'/minecraft:the_nether
[22:57:16] [Server thread/INFO]: Saving chunks for level 'ServerLevel[world]'/minecraft:the_end
[22:57:16] [Server thread/INFO]: ThreadedAnvilChunkStorage (world): All chunks are saved
[22:57:16] [Server thread/INFO]: ThreadedAnvilChunkStorage (DIM-1): All chunks are saved
[22:57:16] [Server thread/INFO]: ThreadedAnvilChunkStorage (DIM1): All chunks are saved
[22:57:16] [Server thread/INFO]: ThreadedAnvilChunkStorage: All dimensions are saved
